<?xml version="1.0" encoding="UTF-8"?>
<!DOCTYPE bookings SYSTEM "NewFile.dtd">
<bookings>
	<booking>
		<type type="Lab"/>
		<room room="3060"/>
		<timeslot time="10:30"/>
		<course course="ACIT4650"/>
	</booking>
	
</bookings>